2021-09-18T19:41:36+00:00 CRITICAL syntax error, unexpected '<', expecting end of file in /opt/lampp/htdocs/projet11/wordpress/wp-content/themes/montheme/index.php on line 37

2021-09-18T19:43:47+00:00 CRITICAL Uncaught ArgumentCountError: Too few arguments to function get_template_part(), 0 passed in /opt/lampp/htdocs/projet11/wordpress/wp-content/themes/montheme/index.php on line 5 and at least 1 expected in /opt/lampp/htdocs/projet11/wordpress/wp-includes/general-template.php:167
Stack trace:
#0 /opt/lampp/htdocs/projet11/wordpress/wp-content/themes/montheme/index.php(5): get_template_part()
#1 /opt/lampp/htdocs/projet11/wordpress/wp-includes/template-loader.php(106): include('/opt/lampp/htdo...')
#2 /opt/lampp/htdocs/projet11/wordpress/wp-blog-header.php(19): require_once('/opt/lampp/htdo...')
#3 /opt/lampp/htdocs/projet11/wordpress/index.php(17): require('/opt/lampp/htdo...')
#4 {main}
  thrown in /opt/lampp/htdocs/projet11/wordpress/wp-includes/general-template.php on line 167

2021-09-18T19:44:09+00:00 CRITICAL Uncaught ArgumentCountError: Too few arguments to function get_template_part(), 0 passed in /opt/lampp/htdocs/projet11/wordpress/wp-content/themes/montheme/index.php on line 5 and at least 1 expected in /opt/lampp/htdocs/projet11/wordpress/wp-includes/general-template.php:167
Stack trace:
#0 /opt/lampp/htdocs/projet11/wordpress/wp-content/themes/montheme/index.php(5): get_template_part()
#1 /opt/lampp/htdocs/projet11/wordpress/wp-includes/template-loader.php(106): include('/opt/lampp/htdo...')
#2 /opt/lampp/htdocs/projet11/wordpress/wp-blog-header.php(19): require_once('/opt/lampp/htdo...')
#3 /opt/lampp/htdocs/projet11/wordpress/index.php(17): require('/opt/lampp/htdo...')
#4 {main}
  thrown in /opt/lampp/htdocs/projet11/wordpress/wp-includes/general-template.php on line 167

2021-09-18T19:44:43+00:00 CRITICAL Uncaught ArgumentCountError: Too few arguments to function get_template_part(), 0 passed in /opt/lampp/htdocs/projet11/wordpress/wp-content/themes/montheme/index.php on line 5 and at least 1 expected in /opt/lampp/htdocs/projet11/wordpress/wp-includes/general-template.php:167
Stack trace:
#0 /opt/lampp/htdocs/projet11/wordpress/wp-content/themes/montheme/index.php(5): get_template_part()
#1 /opt/lampp/htdocs/projet11/wordpress/wp-includes/template-loader.php(106): include('/opt/lampp/htdo...')
#2 /opt/lampp/htdocs/projet11/wordpress/wp-blog-header.php(19): require_once('/opt/lampp/htdo...')
#3 /opt/lampp/htdocs/projet11/wordpress/index.php(17): require('/opt/lampp/htdo...')
#4 {main}
  thrown in /opt/lampp/htdocs/projet11/wordpress/wp-includes/general-template.php on line 167

2021-09-18T19:48:06+00:00 CRITICAL Uncaught ArgumentCountError: Too few arguments to function get_template_part(), 0 passed in /opt/lampp/htdocs/projet11/wordpress/wp-content/themes/montheme/index.php on line 5 and at least 1 expected in /opt/lampp/htdocs/projet11/wordpress/wp-includes/general-template.php:167
Stack trace:
#0 /opt/lampp/htdocs/projet11/wordpress/wp-content/themes/montheme/index.php(5): get_template_part()
#1 /opt/lampp/htdocs/projet11/wordpress/wp-includes/template-loader.php(106): include('/opt/lampp/htdo...')
#2 /opt/lampp/htdocs/projet11/wordpress/wp-blog-header.php(19): require_once('/opt/lampp/htdo...')
#3 /opt/lampp/htdocs/projet11/wordpress/index.php(17): require('/opt/lampp/htdo...')
#4 {main}
  thrown in /opt/lampp/htdocs/projet11/wordpress/wp-includes/general-template.php on line 167

2021-09-18T20:48:08+00:00 CRITICAL Uncaught Error: Call to a member function get_formatted_commission() on null in /opt/lampp/htdocs/projet11/wordpress/wp-content/plugins/add-search-to-menu/includes/freemius/templates/forms/affiliation.php:30
Stack trace:
#0 /opt/lampp/htdocs/projet11/wordpress/wp-content/plugins/add-search-to-menu/includes/freemius/includes/fs-core-functions.php(57): require()
#1 /opt/lampp/htdocs/projet11/wordpress/wp-content/plugins/add-search-to-menu/includes/freemius/includes/class-freemius.php(22442): fs_get_template('/forms/affiliat...', Array)
#2 /opt/lampp/htdocs/projet11/wordpress/wp-includes/class-wp-hook.php(292): Freemius->_affiliation_page_render('')
#3 /opt/lampp/htdocs/projet11/wordpress/wp-includes/class-wp-hook.php(316): WP_Hook->apply_filters('', Array)
#4 /opt/lampp/htdocs/projet11/wordpress/wp-includes/plugin.php(484): WP_Hook->do_action(Array)
#5 /opt/lampp/htdocs/projet11/wordpress/wp-admin/admin.php(259): do_action('menu-image_page...')
#6 {main}
  thrown in /opt/lampp/htdocs/projet11/wordpress/wp-content/plugins/add-search-to-menu/includes/freemius/templates/forms/affiliation.php on line 30

